<?xml version="1.0" encoding="UTF-8"?>
<!-- Generated by org.testng.reporters.JUnitReportReporter -->
<testsuite hostname="DESKTOP-BTQ2T4D" failures="0" tests="1" name="nopCommerce_Tests.LoginPage_Test" time="30.194" errors="0" timestamp="2022-12-17T18:07:48 IST" skipped="0">
  <testcase classname="nopCommerce_Tests.LoginPage_Test" name="enterPageDeatils" time="30.194"/>
  <system-out/>
</testsuite> <!-- nopCommerce_Tests.LoginPage_Test -->
