<?xml version="1.0" encoding="UTF-8"?>
<!-- Generated by org.testng.reporters.JUnitReportReporter -->
<testsuite hostname="DESKTOP-BTQ2T4D" failures="0" tests="1" name="extentReportDemo.NopCommerce" time="37.481" errors="0" timestamp="2022-12-21T11:46:39 IST" skipped="0">
  <testcase classname="extentReportDemo.NopCommerce" name="titleTest" time="37.481"/>
  <system-out/>
</testsuite> <!-- extentReportDemo.NopCommerce -->
