<?xml version="1.0" encoding="UTF-8"?>
<!-- Generated by org.testng.reporters.JUnitReportReporter -->
<testsuite hostname="DESKTOP-BTQ2T4D" failures="0" tests="1" name="medifox_Test.PatientRegistration_Test" time="7.157" errors="0" timestamp="2023-01-07T14:55:24 IST" skipped="0">
  <testcase classname="medifox_Test.PatientRegistration_Test" name="login" time="7.157"/>
  <system-out/>
</testsuite> <!-- medifox_Test.PatientRegistration_Test -->
