<?xml version="1.0" encoding="UTF-8"?>
<!-- Generated by org.testng.reporters.JUnitReportReporter -->
<testsuite hostname="DESKTOP-BTQ2T4D" failures="0" tests="2" name="testNG_Demo.SecondTestCase" time="0.010" errors="0" timestamp="2022-12-19T16:15:54 IST" skipped="0">
  <testcase classname="testNG_Demo.SecondTestCase" name="addFeature" time="0.005"/>
  <system-out/>
  <testcase classname="testNG_Demo.SecondTestCase" name="tearDown" time="0.005"/>
  <system-out/>
</testsuite> <!-- testNG_Demo.SecondTestCase -->
