<?xml version="1.0" encoding="UTF-8"?>
<!-- Generated by org.testng.reporters.JUnitReportReporter -->
<testsuite hostname="DESKTOP-BTQ2T4D" failures="0" tests="2" name="knowledgeware_Tests.PageOne_Test" time="2.808" errors="0" timestamp="2022-12-18T18:49:39 IST" skipped="0">
  <testcase classname="knowledgeware_Tests.PageOne_Test" name="pageOneTest" time="1.632"/>
  <system-out/>
  <testcase classname="knowledgeware_Tests.PageOne_Test" name="PageTwoTest" time="1.176"/>
  <system-out/>
</testsuite> <!-- knowledgeware_Tests.PageOne_Test -->
